0 info it worked if it ends with ok
1 verbose cli [ 'D:\\Program Files\\nodejs\\node.exe',
1 verbose cli   'C:\\Users\\Administrator\\AppData\\Roaming\\npm\\node_modules\\npm\\bin\\npm-cli.js',
1 verbose cli   'run',
1 verbose cli   'serve' ]
2 info using npm@3.10.8
3 info using node@v10.16.0
4 verbose stack Error: missing script: serve
4 verbose stack     at run (C:\Users\Administrator\AppData\Roaming\npm\node_modules\.npm_npminstall\node_modules\.3.10.8@npm\lib\run-script.js:151:19)
4 verbose stack     at C:\Users\Administrator\AppData\Roaming\npm\node_modules\.npm_npminstall\node_modules\.3.10.8@npm\lib\run-script.js:61:5
4 verbose stack     at C:\Users\Administrator\AppData\Roaming\npm\node_modules\.npm_npminstall\node_modules\.3.10.8@npm\node_modules\read-package-json\read-json.js:356:5
4 verbose stack     at checkBinReferences_ (C:\Users\Administrator\AppData\Roaming\npm\node_modules\.npm_npminstall\node_modules\.3.10.8@npm\node_modules\read-package-json\read-json.js:320:45)
4 verbose stack     at final (C:\Users\Administrator\AppData\Roaming\npm\node_modules\.npm_npminstall\node_modules\.3.10.8@npm\node_modules\read-package-json\read-json.js:354:3)
4 verbose stack     at then (C:\Users\Administrator\AppData\Roaming\npm\node_modules\.npm_npminstall\node_modules\.3.10.8@npm\node_modules\read-package-json\read-json.js:124:5)
4 verbose stack     at ReadFileContext.<anonymous> (C:\Users\Administrator\AppData\Roaming\npm\node_modules\.npm_npminstall\node_modules\.3.10.8@npm\node_modules\read-package-json\read-json.js:295:20)
4 verbose stack     at ReadFileContext.callback (C:\Users\Administrator\AppData\Roaming\npm\node_modules\.npm_npminstall\node_modules\.3.10.8@npm\node_modules\graceful-fs\graceful-fs.js:78:16)
4 verbose stack     at FSReqWrap.readFileAfterOpen [as oncomplete] (fs.js:237:13)
5 verbose cwd E:\Myjob\403Studio\project\movie-info\server
6 error Windows_NT 10.0.10586
7 error argv "D:\\Program Files\\nodejs\\node.exe" "C:\\Users\\Administrator\\AppData\\Roaming\\npm\\node_modules\\npm\\bin\\npm-cli.js" "run" "serve"
8 error node v10.16.0
9 error npm  v3.10.8
10 error missing script: serve
11 error If you need help, you may report this error at:
11 error     <https://github.com/npm/npm/issues>
12 verbose exit [ 1, true ]
